# Lookup Trace File 
# Looks up GUIDs [1, 1000] using identifying numbers 1001-2000
1001 Q 1
1002 Q 2
1003 Q 3
1004 Q 4
1005 Q 5
1006 Q 6
1007 Q 7
1008 Q 8
1009 Q 9
1010 Q 10
1011 Q 11
1012 Q 12
1013 Q 13
1014 Q 14
1015 Q 15
1016 Q 16
1017 Q 17
1018 Q 18
1019 Q 19
1020 Q 20
1021 Q 21
1022 Q 22
1023 Q 23
1024 Q 24
1025 Q 25
1026 Q 26
1027 Q 27
1028 Q 28
1029 Q 29
1030 Q 30
1031 Q 31
1032 Q 32
1033 Q 33
1034 Q 34
1035 Q 35
1036 Q 36
1037 Q 37
1038 Q 38
1039 Q 39
1040 Q 40
1041 Q 41
1042 Q 42
1043 Q 43
1044 Q 44
1045 Q 45
1046 Q 46
1047 Q 47
1048 Q 48
1049 Q 49
1050 Q 50
1051 Q 51
1052 Q 52
1053 Q 53
1054 Q 54
1055 Q 55
1056 Q 56
1057 Q 57
1058 Q 58
1059 Q 59
1060 Q 60
1061 Q 61
1062 Q 62
1063 Q 63
1064 Q 64
1065 Q 65
1066 Q 66
1067 Q 67
1068 Q 68
1069 Q 69
1070 Q 70
1071 Q 71
1072 Q 72
1073 Q 73
1074 Q 74
1075 Q 75
1076 Q 76
1077 Q 77
1078 Q 78
1079 Q 79
1080 Q 80
1081 Q 81
1082 Q 82
1083 Q 83
1084 Q 84
1085 Q 85
1086 Q 86
1087 Q 87
1088 Q 88
1089 Q 89
1090 Q 90
1091 Q 91
1092 Q 92
1093 Q 93
1094 Q 94
1095 Q 95
1096 Q 96
1097 Q 97
1098 Q 98
1099 Q 99
1100 Q 100
1101 Q 101
1102 Q 102
1103 Q 103
1104 Q 104
1105 Q 105
1106 Q 106
1107 Q 107
1108 Q 108
1109 Q 109
1110 Q 110
1111 Q 111
1112 Q 112
1113 Q 113
1114 Q 114
1115 Q 115
1116 Q 116
1117 Q 117
1118 Q 118
1119 Q 119
1120 Q 120
1121 Q 121
1122 Q 122
1123 Q 123
1124 Q 124
1125 Q 125
1126 Q 126
1127 Q 127
1128 Q 128
1129 Q 129
1130 Q 130
1131 Q 131
1132 Q 132
1133 Q 133
1134 Q 134
1135 Q 135
1136 Q 136
1137 Q 137
1138 Q 138
1139 Q 139
1140 Q 140
1141 Q 141
1142 Q 142
1143 Q 143
1144 Q 144
1145 Q 145
1146 Q 146
1147 Q 147
1148 Q 148
1149 Q 149
1150 Q 150
1151 Q 151
1152 Q 152
1153 Q 153
1154 Q 154
1155 Q 155
1156 Q 156
1157 Q 157
1158 Q 158
1159 Q 159
1160 Q 160
1161 Q 161
1162 Q 162
1163 Q 163
1164 Q 164
1165 Q 165
1166 Q 166
1167 Q 167
1168 Q 168
1169 Q 169
1170 Q 170
1171 Q 171
1172 Q 172
1173 Q 173
1174 Q 174
1175 Q 175
1176 Q 176
1177 Q 177
1178 Q 178
1179 Q 179
1180 Q 180
1181 Q 181
1182 Q 182
1183 Q 183
1184 Q 184
1185 Q 185
1186 Q 186
1187 Q 187
1188 Q 188
1189 Q 189
1190 Q 190
1191 Q 191
1192 Q 192
1193 Q 193
1194 Q 194
1195 Q 195
1196 Q 196
1197 Q 197
1198 Q 198
1199 Q 199
1200 Q 200
1201 Q 201
1202 Q 202
1203 Q 203
1204 Q 204
1205 Q 205
1206 Q 206
1207 Q 207
1208 Q 208
1209 Q 209
1210 Q 210
1211 Q 211
1212 Q 212
1213 Q 213
1214 Q 214
1215 Q 215
1216 Q 216
1217 Q 217
1218 Q 218
1219 Q 219
1220 Q 220
1221 Q 221
1222 Q 222
1223 Q 223
1224 Q 224
1225 Q 225
1226 Q 226
1227 Q 227
1228 Q 228
1229 Q 229
1230 Q 230
1231 Q 231
1232 Q 232
1233 Q 233
1234 Q 234
1235 Q 235
1236 Q 236
1237 Q 237
1238 Q 238
1239 Q 239
1240 Q 240
1241 Q 241
1242 Q 242
1243 Q 243
1244 Q 244
1245 Q 245
1246 Q 246
1247 Q 247
1248 Q 248
1249 Q 249
1250 Q 250
1251 Q 251
1252 Q 252
1253 Q 253
1254 Q 254
1255 Q 255
1256 Q 256
1257 Q 257
1258 Q 258
1259 Q 259
1260 Q 260
1261 Q 261
1262 Q 262
1263 Q 263
1264 Q 264
1265 Q 265
1266 Q 266
1267 Q 267
1268 Q 268
1269 Q 269
1270 Q 270
1271 Q 271
1272 Q 272
1273 Q 273
1274 Q 274
1275 Q 275
1276 Q 276
1277 Q 277
1278 Q 278
1279 Q 279
1280 Q 280
1281 Q 281
1282 Q 282
1283 Q 283
1284 Q 284
1285 Q 285
1286 Q 286
1287 Q 287
1288 Q 288
1289 Q 289
1290 Q 290
1291 Q 291
1292 Q 292
1293 Q 293
1294 Q 294
1295 Q 295
1296 Q 296
1297 Q 297
1298 Q 298
1299 Q 299
1300 Q 300
1301 Q 301
1302 Q 302
1303 Q 303
1304 Q 304
1305 Q 305
1306 Q 306
1307 Q 307
1308 Q 308
1309 Q 309
1310 Q 310
1311 Q 311
1312 Q 312
1313 Q 313
1314 Q 314
1315 Q 315
1316 Q 316
1317 Q 317
1318 Q 318
1319 Q 319
1320 Q 320
1321 Q 321
1322 Q 322
1323 Q 323
1324 Q 324
1325 Q 325
1326 Q 326
1327 Q 327
1328 Q 328
1329 Q 329
1330 Q 330
1331 Q 331
1332 Q 332
1333 Q 333
1334 Q 334
1335 Q 335
1336 Q 336
1337 Q 337
1338 Q 338
1339 Q 339
1340 Q 340
1341 Q 341
1342 Q 342
1343 Q 343
1344 Q 344
1345 Q 345
1346 Q 346
1347 Q 347
1348 Q 348
1349 Q 349
1350 Q 350
1351 Q 351
1352 Q 352
1353 Q 353
1354 Q 354
1355 Q 355
1356 Q 356
1357 Q 357
1358 Q 358
1359 Q 359
1360 Q 360
1361 Q 361
1362 Q 362
1363 Q 363
1364 Q 364
1365 Q 365
1366 Q 366
1367 Q 367
1368 Q 368
1369 Q 369
1370 Q 370
1371 Q 371
1372 Q 372
1373 Q 373
1374 Q 374
1375 Q 375
1376 Q 376
1377 Q 377
1378 Q 378
1379 Q 379
1380 Q 380
1381 Q 381
1382 Q 382
1383 Q 383
1384 Q 384
1385 Q 385
1386 Q 386
1387 Q 387
1388 Q 388
1389 Q 389
1390 Q 390
1391 Q 391
1392 Q 392
1393 Q 393
1394 Q 394
1395 Q 395
1396 Q 396
1397 Q 397
1398 Q 398
1399 Q 399
1400 Q 400
1401 Q 401
1402 Q 402
1403 Q 403
1404 Q 404
1405 Q 405
1406 Q 406
1407 Q 407
1408 Q 408
1409 Q 409
1410 Q 410
1411 Q 411
1412 Q 412
1413 Q 413
1414 Q 414
1415 Q 415
1416 Q 416
1417 Q 417
1418 Q 418
1419 Q 419
1420 Q 420
1421 Q 421
1422 Q 422
1423 Q 423
1424 Q 424
1425 Q 425
1426 Q 426
1427 Q 427
1428 Q 428
1429 Q 429
1430 Q 430
1431 Q 431
1432 Q 432
1433 Q 433
1434 Q 434
1435 Q 435
1436 Q 436
1437 Q 437
1438 Q 438
1439 Q 439
1440 Q 440
1441 Q 441
1442 Q 442
1443 Q 443
1444 Q 444
1445 Q 445
1446 Q 446
1447 Q 447
1448 Q 448
1449 Q 449
1450 Q 450
1451 Q 451
1452 Q 452
1453 Q 453
1454 Q 454
1455 Q 455
1456 Q 456
1457 Q 457
1458 Q 458
1459 Q 459
1460 Q 460
1461 Q 461
1462 Q 462
1463 Q 463
1464 Q 464
1465 Q 465
1466 Q 466
1467 Q 467
1468 Q 468
1469 Q 469
1470 Q 470
1471 Q 471
1472 Q 472
1473 Q 473
1474 Q 474
1475 Q 475
1476 Q 476
1477 Q 477
1478 Q 478
1479 Q 479
1480 Q 480
1481 Q 481
1482 Q 482
1483 Q 483
1484 Q 484
1485 Q 485
1486 Q 486
1487 Q 487
1488 Q 488
1489 Q 489
1490 Q 490
1491 Q 491
1492 Q 492
1493 Q 493
1494 Q 494
1495 Q 495
1496 Q 496
1497 Q 497
1498 Q 498
1499 Q 499
1500 Q 500
1501 Q 501
1502 Q 502
1503 Q 503
1504 Q 504
1505 Q 505
1506 Q 506
1507 Q 507
1508 Q 508
1509 Q 509
1510 Q 510
1511 Q 511
1512 Q 512
1513 Q 513
1514 Q 514
1515 Q 515
1516 Q 516
1517 Q 517
1518 Q 518
1519 Q 519
1520 Q 520
1521 Q 521
1522 Q 522
1523 Q 523
1524 Q 524
1525 Q 525
1526 Q 526
1527 Q 527
1528 Q 528
1529 Q 529
1530 Q 530
1531 Q 531
1532 Q 532
1533 Q 533
1534 Q 534
1535 Q 535
1536 Q 536
1537 Q 537
1538 Q 538
1539 Q 539
1540 Q 540
1541 Q 541
1542 Q 542
1543 Q 543
1544 Q 544
1545 Q 545
1546 Q 546
1547 Q 547
1548 Q 548
1549 Q 549
1550 Q 550
1551 Q 551
1552 Q 552
1553 Q 553
1554 Q 554
1555 Q 555
1556 Q 556
1557 Q 557
1558 Q 558
1559 Q 559
1560 Q 560
1561 Q 561
1562 Q 562
1563 Q 563
1564 Q 564
1565 Q 565
1566 Q 566
1567 Q 567
1568 Q 568
1569 Q 569
1570 Q 570
1571 Q 571
1572 Q 572
1573 Q 573
1574 Q 574
1575 Q 575
1576 Q 576
1577 Q 577
1578 Q 578
1579 Q 579
1580 Q 580
1581 Q 581
1582 Q 582
1583 Q 583
1584 Q 584
1585 Q 585
1586 Q 586
1587 Q 587
1588 Q 588
1589 Q 589
1590 Q 590
1591 Q 591
1592 Q 592
1593 Q 593
1594 Q 594
1595 Q 595
1596 Q 596
1597 Q 597
1598 Q 598
1599 Q 599
1600 Q 600
1601 Q 601
1602 Q 602
1603 Q 603
1604 Q 604
1605 Q 605
1606 Q 606
1607 Q 607
1608 Q 608
1609 Q 609
1610 Q 610
1611 Q 611
1612 Q 612
1613 Q 613
1614 Q 614
1615 Q 615
1616 Q 616
1617 Q 617
1618 Q 618
1619 Q 619
1620 Q 620
1621 Q 621
1622 Q 622
1623 Q 623
1624 Q 624
1625 Q 625
1626 Q 626
1627 Q 627
1628 Q 628
1629 Q 629
1630 Q 630
1631 Q 631
1632 Q 632
1633 Q 633
1634 Q 634
1635 Q 635
1636 Q 636
1637 Q 637
1638 Q 638
1639 Q 639
1640 Q 640
1641 Q 641
1642 Q 642
1643 Q 643
1644 Q 644
1645 Q 645
1646 Q 646
1647 Q 647
1648 Q 648
1649 Q 649
1650 Q 650
1651 Q 651
1652 Q 652
1653 Q 653
1654 Q 654
1655 Q 655
1656 Q 656
1657 Q 657
1658 Q 658
1659 Q 659
1660 Q 660
1661 Q 661
1662 Q 662
1663 Q 663
1664 Q 664
1665 Q 665
1666 Q 666
1667 Q 667
1668 Q 668
1669 Q 669
1670 Q 670
1671 Q 671
1672 Q 672
1673 Q 673
1674 Q 674
1675 Q 675
1676 Q 676
1677 Q 677
1678 Q 678
1679 Q 679
1680 Q 680
1681 Q 681
1682 Q 682
1683 Q 683
1684 Q 684
1685 Q 685
1686 Q 686
1687 Q 687
1688 Q 688
1689 Q 689
1690 Q 690
1691 Q 691
1692 Q 692
1693 Q 693
1694 Q 694
1695 Q 695
1696 Q 696
1697 Q 697
1698 Q 698
1699 Q 699
1700 Q 700
1701 Q 701
1702 Q 702
1703 Q 703
1704 Q 704
1705 Q 705
1706 Q 706
1707 Q 707
1708 Q 708
1709 Q 709
1710 Q 710
1711 Q 711
1712 Q 712
1713 Q 713
1714 Q 714
1715 Q 715
1716 Q 716
1717 Q 717
1718 Q 718
1719 Q 719
1720 Q 720
1721 Q 721
1722 Q 722
1723 Q 723
1724 Q 724
1725 Q 725
1726 Q 726
1727 Q 727
1728 Q 728
1729 Q 729
1730 Q 730
1731 Q 731
1732 Q 732
1733 Q 733
1734 Q 734
1735 Q 735
1736 Q 736
1737 Q 737
1738 Q 738
1739 Q 739
1740 Q 740
1741 Q 741
1742 Q 742
1743 Q 743
1744 Q 744
1745 Q 745
1746 Q 746
1747 Q 747
1748 Q 748
1749 Q 749
1750 Q 750
1751 Q 751
1752 Q 752
1753 Q 753
1754 Q 754
1755 Q 755
1756 Q 756
1757 Q 757
1758 Q 758
1759 Q 759
1760 Q 760
1761 Q 761
1762 Q 762
1763 Q 763
1764 Q 764
1765 Q 765
1766 Q 766
1767 Q 767
1768 Q 768
1769 Q 769
1770 Q 770
1771 Q 771
1772 Q 772
1773 Q 773
1774 Q 774
1775 Q 775
1776 Q 776
1777 Q 777
1778 Q 778
1779 Q 779
1780 Q 780
1781 Q 781
1782 Q 782
1783 Q 783
1784 Q 784
1785 Q 785
1786 Q 786
1787 Q 787
1788 Q 788
1789 Q 789
1790 Q 790
1791 Q 791
1792 Q 792
1793 Q 793
1794 Q 794
1795 Q 795
1796 Q 796
1797 Q 797
1798 Q 798
1799 Q 799
1800 Q 800
1801 Q 801
1802 Q 802
1803 Q 803
1804 Q 804
1805 Q 805
1806 Q 806
1807 Q 807
1808 Q 808
1809 Q 809
1810 Q 810
1811 Q 811
1812 Q 812
1813 Q 813
1814 Q 814
1815 Q 815
1816 Q 816
1817 Q 817
1818 Q 818
1819 Q 819
1820 Q 820
1821 Q 821
1822 Q 822
1823 Q 823
1824 Q 824
1825 Q 825
1826 Q 826
1827 Q 827
1828 Q 828
1829 Q 829
1830 Q 830
1831 Q 831
1832 Q 832
1833 Q 833
1834 Q 834
1835 Q 835
1836 Q 836
1837 Q 837
1838 Q 838
1839 Q 839
1840 Q 840
1841 Q 841
1842 Q 842
1843 Q 843
1844 Q 844
1845 Q 845
1846 Q 846
1847 Q 847
1848 Q 848
1849 Q 849
1850 Q 850
1851 Q 851
1852 Q 852
1853 Q 853
1854 Q 854
1855 Q 855
1856 Q 856
1857 Q 857
1858 Q 858
1859 Q 859
1860 Q 860
1861 Q 861
1862 Q 862
1863 Q 863
1864 Q 864
1865 Q 865
1866 Q 866
1867 Q 867
1868 Q 868
1869 Q 869
1870 Q 870
1871 Q 871
1872 Q 872
1873 Q 873
1874 Q 874
1875 Q 875
1876 Q 876
1877 Q 877
1878 Q 878
1879 Q 879
1880 Q 880
1881 Q 881
1882 Q 882
1883 Q 883
1884 Q 884
1885 Q 885
1886 Q 886
1887 Q 887
1888 Q 888
1889 Q 889
1890 Q 890
1891 Q 891
1892 Q 892
1893 Q 893
1894 Q 894
1895 Q 895
1896 Q 896
1897 Q 897
1898 Q 898
1899 Q 899
1900 Q 900
1901 Q 901
1902 Q 902
1903 Q 903
1904 Q 904
1905 Q 905
1906 Q 906
1907 Q 907
1908 Q 908
1909 Q 909
1910 Q 910
1911 Q 911
1912 Q 912
1913 Q 913
1914 Q 914
1915 Q 915
1916 Q 916
1917 Q 917
1918 Q 918
1919 Q 919
1920 Q 920
1921 Q 921
1922 Q 922
1923 Q 923
1924 Q 924
1925 Q 925
1926 Q 926
1927 Q 927
1928 Q 928
1929 Q 929
1930 Q 930
1931 Q 931
1932 Q 932
1933 Q 933
1934 Q 934
1935 Q 935
1936 Q 936
1937 Q 937
1938 Q 938
1939 Q 939
1940 Q 940
1941 Q 941
1942 Q 942
1943 Q 943
1944 Q 944
1945 Q 945
1946 Q 946
1947 Q 947
1948 Q 948
1949 Q 949
1950 Q 950
1951 Q 951
1952 Q 952
1953 Q 953
1954 Q 954
1955 Q 955
1956 Q 956
1957 Q 957
1958 Q 958
1959 Q 959
1960 Q 960
1961 Q 961
1962 Q 962
1963 Q 963
1964 Q 964
1965 Q 965
1966 Q 966
1967 Q 967
1968 Q 968
1969 Q 969
1970 Q 970
1971 Q 971
1972 Q 972
1973 Q 973
1974 Q 974
1975 Q 975
1976 Q 976
1977 Q 977
1978 Q 978
1979 Q 979
1980 Q 980
1981 Q 981
1982 Q 982
1983 Q 983
1984 Q 984
1985 Q 985
1986 Q 986
1987 Q 987
1988 Q 988
1989 Q 989
1990 Q 990
1991 Q 991
1992 Q 992
1993 Q 993
1994 Q 994
1995 Q 995
1996 Q 996
1997 Q 997
1998 Q 998
1999 Q 999
2000 Q 1000