# Example trace file for GNRS client.
# 
# Each line represents a message that will be sent to the GNRS server by the
# client.  Depending on the operation involved, different lines will have
# different numbers of parameters.
# 
# Insert a number of GUID -> Network Address bindings.  These will serve as
# examples for inserting, but also as values to look-up later in the trace.
#
# Format
# <Seq. No.> I <GUID> <Network Address>,<TTL>,<Weight>
#
# * Seq. No. - Unique identifier for the message.
# * I - Insert message. Always "I"
# * GUID - GUID value to insert/bind
# * Network Address - Bound value for the GUID
# * TTL - Maximum lifetime of binding (in milliseconds)
# * Weight - Undefined value for prioritizing bindings

1 I 1 1,99999,1
2 I 2 1,99999,1
3 I 3 1,99999,1
4 I 4 1,99999,1
5 I 5 1,99999,1
6 I 6 1,99999,1
7 I 7 1,99999,1
8 I 8 1,99999,1
9 I 9 1,99999,1
10 I 10 1,99999,1
11 I 11 1,99999,1
12 I 12 1,99999,1
13 I 13 1,99999,1
14 I 14 1,99999,1
15 I 15 1,99999,1
16 I 16 1,99999,1
17 I 17 1,99999,1
18 I 18 1,99999,1
19 I 19 1,99999,1
20 I 20 1,99999,1
21 I 21 1,99999,1
22 I 22 1,99999,1
23 I 23 1,99999,1
24 I 24 1,99999,1
25 I 25 1,99999,1
26 I 26 1,99999,1
27 I 27 1,99999,1
28 I 28 1,99999,1
29 I 29 1,99999,1
30 I 30 1,99999,1
31 I 31 1,99999,1
32 I 32 1,99999,1
33 I 33 1,99999,1
34 I 34 1,99999,1
35 I 35 1,99999,1
36 I 36 1,99999,1
37 I 37 1,99999,1
38 I 38 1,99999,1
39 I 39 1,99999,1
40 I 40 1,99999,1
41 I 41 1,99999,1
42 I 42 1,99999,1
43 I 43 1,99999,1
44 I 44 1,99999,1
45 I 45 1,99999,1
46 I 46 1,99999,1
47 I 47 1,99999,1
48 I 48 1,99999,1
49 I 49 1,99999,1
50 I 50 1,99999,1
51 I 51 1,99999,1
52 I 52 1,99999,1
53 I 53 1,99999,1
54 I 54 1,99999,1
55 I 55 1,99999,1
56 I 56 1,99999,1
57 I 57 1,99999,1
58 I 58 1,99999,1
59 I 59 1,99999,1
60 I 60 1,99999,1
61 I 61 1,99999,1
62 I 62 1,99999,1
63 I 63 1,99999,1
64 I 64 1,99999,1
65 I 65 1,99999,1
66 I 66 1,99999,1
67 I 67 1,99999,1
68 I 68 1,99999,1
69 I 69 1,99999,1
70 I 70 1,99999,1
71 I 71 1,99999,1
72 I 72 1,99999,1
73 I 73 1,99999,1
74 I 74 1,99999,1
75 I 75 1,99999,1
76 I 76 1,99999,1
77 I 77 1,99999,1
78 I 78 1,99999,1
79 I 79 1,99999,1
80 I 80 1,99999,1
81 I 81 1,99999,1
82 I 82 1,99999,1
83 I 83 1,99999,1
84 I 84 1,99999,1
85 I 85 1,99999,1
86 I 86 1,99999,1
87 I 87 1,99999,1
88 I 88 1,99999,1
89 I 89 1,99999,1
90 I 90 1,99999,1
91 I 91 1,99999,1
92 I 92 1,99999,1
93 I 93 1,99999,1
94 I 94 1,99999,1
95 I 95 1,99999,1
96 I 96 1,99999,1
97 I 97 1,99999,1
98 I 98 1,99999,1
99 I 99 1,99999,1
100 I 100 1,99999,1
101 I 101 1,99999,1
102 I 102 1,99999,1
103 I 103 1,99999,1
104 I 104 1,99999,1
105 I 105 1,99999,1
106 I 106 1,99999,1
107 I 107 1,99999,1
108 I 108 1,99999,1
109 I 109 1,99999,1
110 I 110 1,99999,1
111 I 111 1,99999,1
112 I 112 1,99999,1
113 I 113 1,99999,1
114 I 114 1,99999,1
115 I 115 1,99999,1
116 I 116 1,99999,1
117 I 117 1,99999,1
118 I 118 1,99999,1
119 I 119 1,99999,1
120 I 120 1,99999,1
121 I 121 1,99999,1
122 I 122 1,99999,1
123 I 123 1,99999,1
124 I 124 1,99999,1
125 I 125 1,99999,1
126 I 126 1,99999,1
127 I 127 1,99999,1
128 I 128 1,99999,1
129 I 129 1,99999,1
130 I 130 1,99999,1
131 I 131 1,99999,1
132 I 132 1,99999,1
133 I 133 1,99999,1
134 I 134 1,99999,1
135 I 135 1,99999,1
136 I 136 1,99999,1
137 I 137 1,99999,1
138 I 138 1,99999,1
139 I 139 1,99999,1
140 I 140 1,99999,1
141 I 141 1,99999,1
142 I 142 1,99999,1
143 I 143 1,99999,1
144 I 144 1,99999,1
145 I 145 1,99999,1
146 I 146 1,99999,1
147 I 147 1,99999,1
148 I 148 1,99999,1
149 I 149 1,99999,1
150 I 150 1,99999,1
151 I 151 1,99999,1
152 I 152 1,99999,1
153 I 153 1,99999,1
154 I 154 1,99999,1
155 I 155 1,99999,1
156 I 156 1,99999,1
157 I 157 1,99999,1
158 I 158 1,99999,1
159 I 159 1,99999,1
160 I 160 1,99999,1
161 I 161 1,99999,1
162 I 162 1,99999,1
163 I 163 1,99999,1
164 I 164 1,99999,1
165 I 165 1,99999,1
166 I 166 1,99999,1
167 I 167 1,99999,1
168 I 168 1,99999,1
169 I 169 1,99999,1
170 I 170 1,99999,1
171 I 171 1,99999,1
172 I 172 1,99999,1
173 I 173 1,99999,1
174 I 174 1,99999,1
175 I 175 1,99999,1
176 I 176 1,99999,1
177 I 177 1,99999,1
178 I 178 1,99999,1
179 I 179 1,99999,1
180 I 180 1,99999,1
181 I 181 1,99999,1
182 I 182 1,99999,1
183 I 183 1,99999,1
184 I 184 1,99999,1
185 I 185 1,99999,1
186 I 186 1,99999,1
187 I 187 1,99999,1
188 I 188 1,99999,1
189 I 189 1,99999,1
190 I 190 1,99999,1
191 I 191 1,99999,1
192 I 192 1,99999,1
193 I 193 1,99999,1
194 I 194 1,99999,1
195 I 195 1,99999,1
196 I 196 1,99999,1
197 I 197 1,99999,1
198 I 198 1,99999,1
199 I 199 1,99999,1
200 I 200 1,99999,1
201 I 201 1,99999,1
202 I 202 1,99999,1
203 I 203 1,99999,1
204 I 204 1,99999,1
205 I 205 1,99999,1
206 I 206 1,99999,1
207 I 207 1,99999,1
208 I 208 1,99999,1
209 I 209 1,99999,1
210 I 210 1,99999,1
211 I 211 1,99999,1
212 I 212 1,99999,1
213 I 213 1,99999,1
214 I 214 1,99999,1
215 I 215 1,99999,1
216 I 216 1,99999,1
217 I 217 1,99999,1
218 I 218 1,99999,1
219 I 219 1,99999,1
220 I 220 1,99999,1
221 I 221 1,99999,1
222 I 222 1,99999,1
223 I 223 1,99999,1
224 I 224 1,99999,1
225 I 225 1,99999,1
226 I 226 1,99999,1
227 I 227 1,99999,1
228 I 228 1,99999,1
229 I 229 1,99999,1
230 I 230 1,99999,1
231 I 231 1,99999,1
232 I 232 1,99999,1
233 I 233 1,99999,1
234 I 234 1,99999,1
235 I 235 1,99999,1
236 I 236 1,99999,1
237 I 237 1,99999,1
238 I 238 1,99999,1
239 I 239 1,99999,1
240 I 240 1,99999,1
241 I 241 1,99999,1
242 I 242 1,99999,1
243 I 243 1,99999,1
244 I 244 1,99999,1
245 I 245 1,99999,1
246 I 246 1,99999,1
247 I 247 1,99999,1
248 I 248 1,99999,1
249 I 249 1,99999,1
250 I 250 1,99999,1
251 I 251 1,99999,1
252 I 252 1,99999,1
253 I 253 1,99999,1
254 I 254 1,99999,1
255 I 255 1,99999,1
256 I 256 1,99999,1
257 I 257 1,99999,1
258 I 258 1,99999,1
259 I 259 1,99999,1
260 I 260 1,99999,1
261 I 261 1,99999,1
262 I 262 1,99999,1
263 I 263 1,99999,1
264 I 264 1,99999,1
265 I 265 1,99999,1
266 I 266 1,99999,1
267 I 267 1,99999,1
268 I 268 1,99999,1
269 I 269 1,99999,1
270 I 270 1,99999,1
271 I 271 1,99999,1
272 I 272 1,99999,1
273 I 273 1,99999,1
274 I 274 1,99999,1
275 I 275 1,99999,1
276 I 276 1,99999,1
277 I 277 1,99999,1
278 I 278 1,99999,1
279 I 279 1,99999,1
280 I 280 1,99999,1
281 I 281 1,99999,1
282 I 282 1,99999,1
283 I 283 1,99999,1
284 I 284 1,99999,1
285 I 285 1,99999,1
286 I 286 1,99999,1
287 I 287 1,99999,1
288 I 288 1,99999,1
289 I 289 1,99999,1
290 I 290 1,99999,1
291 I 291 1,99999,1
292 I 292 1,99999,1
293 I 293 1,99999,1
294 I 294 1,99999,1
295 I 295 1,99999,1
296 I 296 1,99999,1
297 I 297 1,99999,1
298 I 298 1,99999,1
299 I 299 1,99999,1
300 I 300 1,99999,1
301 I 301 1,99999,1
302 I 302 1,99999,1
303 I 303 1,99999,1
304 I 304 1,99999,1
305 I 305 1,99999,1
306 I 306 1,99999,1
307 I 307 1,99999,1
308 I 308 1,99999,1
309 I 309 1,99999,1
310 I 310 1,99999,1
311 I 311 1,99999,1
312 I 312 1,99999,1
313 I 313 1,99999,1
314 I 314 1,99999,1
315 I 315 1,99999,1
316 I 316 1,99999,1
317 I 317 1,99999,1
318 I 318 1,99999,1
319 I 319 1,99999,1
320 I 320 1,99999,1
321 I 321 1,99999,1
322 I 322 1,99999,1
323 I 323 1,99999,1
324 I 324 1,99999,1
325 I 325 1,99999,1
326 I 326 1,99999,1
327 I 327 1,99999,1
328 I 328 1,99999,1
329 I 329 1,99999,1
330 I 330 1,99999,1
331 I 331 1,99999,1
332 I 332 1,99999,1
333 I 333 1,99999,1
334 I 334 1,99999,1
335 I 335 1,99999,1
336 I 336 1,99999,1
337 I 337 1,99999,1
338 I 338 1,99999,1
339 I 339 1,99999,1
340 I 340 1,99999,1
341 I 341 1,99999,1
342 I 342 1,99999,1
343 I 343 1,99999,1
344 I 344 1,99999,1
345 I 345 1,99999,1
346 I 346 1,99999,1
347 I 347 1,99999,1
348 I 348 1,99999,1
349 I 349 1,99999,1
350 I 350 1,99999,1
351 I 351 1,99999,1
352 I 352 1,99999,1
353 I 353 1,99999,1
354 I 354 1,99999,1
355 I 355 1,99999,1
356 I 356 1,99999,1
357 I 357 1,99999,1
358 I 358 1,99999,1
359 I 359 1,99999,1
360 I 360 1,99999,1
361 I 361 1,99999,1
362 I 362 1,99999,1
363 I 363 1,99999,1
364 I 364 1,99999,1
365 I 365 1,99999,1
366 I 366 1,99999,1
367 I 367 1,99999,1
368 I 368 1,99999,1
369 I 369 1,99999,1
370 I 370 1,99999,1
371 I 371 1,99999,1
372 I 372 1,99999,1
373 I 373 1,99999,1
374 I 374 1,99999,1
375 I 375 1,99999,1
376 I 376 1,99999,1
377 I 377 1,99999,1
378 I 378 1,99999,1
379 I 379 1,99999,1
380 I 380 1,99999,1
381 I 381 1,99999,1
382 I 382 1,99999,1
383 I 383 1,99999,1
384 I 384 1,99999,1
385 I 385 1,99999,1
386 I 386 1,99999,1
387 I 387 1,99999,1
388 I 388 1,99999,1
389 I 389 1,99999,1
390 I 390 1,99999,1
391 I 391 1,99999,1
392 I 392 1,99999,1
393 I 393 1,99999,1
394 I 394 1,99999,1
395 I 395 1,99999,1
396 I 396 1,99999,1
397 I 397 1,99999,1
398 I 398 1,99999,1
399 I 399 1,99999,1
400 I 400 1,99999,1
401 I 401 1,99999,1
402 I 402 1,99999,1
403 I 403 1,99999,1
404 I 404 1,99999,1
405 I 405 1,99999,1
406 I 406 1,99999,1
407 I 407 1,99999,1
408 I 408 1,99999,1
409 I 409 1,99999,1
410 I 410 1,99999,1
411 I 411 1,99999,1
412 I 412 1,99999,1
413 I 413 1,99999,1
414 I 414 1,99999,1
415 I 415 1,99999,1
416 I 416 1,99999,1
417 I 417 1,99999,1
418 I 418 1,99999,1
419 I 419 1,99999,1
420 I 420 1,99999,1
421 I 421 1,99999,1
422 I 422 1,99999,1
423 I 423 1,99999,1
424 I 424 1,99999,1
425 I 425 1,99999,1
426 I 426 1,99999,1
427 I 427 1,99999,1
428 I 428 1,99999,1
429 I 429 1,99999,1
430 I 430 1,99999,1
431 I 431 1,99999,1
432 I 432 1,99999,1
433 I 433 1,99999,1
434 I 434 1,99999,1
435 I 435 1,99999,1
436 I 436 1,99999,1
437 I 437 1,99999,1
438 I 438 1,99999,1
439 I 439 1,99999,1
440 I 440 1,99999,1
441 I 441 1,99999,1
442 I 442 1,99999,1
443 I 443 1,99999,1
444 I 444 1,99999,1
445 I 445 1,99999,1
446 I 446 1,99999,1
447 I 447 1,99999,1
448 I 448 1,99999,1
449 I 449 1,99999,1
450 I 450 1,99999,1
451 I 451 1,99999,1
452 I 452 1,99999,1
453 I 453 1,99999,1
454 I 454 1,99999,1
455 I 455 1,99999,1
456 I 456 1,99999,1
457 I 457 1,99999,1
458 I 458 1,99999,1
459 I 459 1,99999,1
460 I 460 1,99999,1
461 I 461 1,99999,1
462 I 462 1,99999,1
463 I 463 1,99999,1
464 I 464 1,99999,1
465 I 465 1,99999,1
466 I 466 1,99999,1
467 I 467 1,99999,1
468 I 468 1,99999,1
469 I 469 1,99999,1
470 I 470 1,99999,1
471 I 471 1,99999,1
472 I 472 1,99999,1
473 I 473 1,99999,1
474 I 474 1,99999,1
475 I 475 1,99999,1
476 I 476 1,99999,1
477 I 477 1,99999,1
478 I 478 1,99999,1
479 I 479 1,99999,1
480 I 480 1,99999,1
481 I 481 1,99999,1
482 I 482 1,99999,1
483 I 483 1,99999,1
484 I 484 1,99999,1
485 I 485 1,99999,1
486 I 486 1,99999,1
487 I 487 1,99999,1
488 I 488 1,99999,1
489 I 489 1,99999,1
490 I 490 1,99999,1
491 I 491 1,99999,1
492 I 492 1,99999,1
493 I 493 1,99999,1
494 I 494 1,99999,1
495 I 495 1,99999,1
496 I 496 1,99999,1
497 I 497 1,99999,1
498 I 498 1,99999,1
499 I 499 1,99999,1
500 I 500 1,99999,1
501 I 501 1,99999,1
502 I 502 1,99999,1
503 I 503 1,99999,1
504 I 504 1,99999,1
505 I 505 1,99999,1
506 I 506 1,99999,1
507 I 507 1,99999,1
508 I 508 1,99999,1
509 I 509 1,99999,1
510 I 510 1,99999,1
511 I 511 1,99999,1
512 I 512 1,99999,1
513 I 513 1,99999,1
514 I 514 1,99999,1
515 I 515 1,99999,1
516 I 516 1,99999,1
517 I 517 1,99999,1
518 I 518 1,99999,1
519 I 519 1,99999,1
520 I 520 1,99999,1
521 I 521 1,99999,1
522 I 522 1,99999,1
523 I 523 1,99999,1
524 I 524 1,99999,1
525 I 525 1,99999,1
526 I 526 1,99999,1
527 I 527 1,99999,1
528 I 528 1,99999,1
529 I 529 1,99999,1
530 I 530 1,99999,1
531 I 531 1,99999,1
532 I 532 1,99999,1
533 I 533 1,99999,1
534 I 534 1,99999,1
535 I 535 1,99999,1
536 I 536 1,99999,1
537 I 537 1,99999,1
538 I 538 1,99999,1
539 I 539 1,99999,1
540 I 540 1,99999,1
541 I 541 1,99999,1
542 I 542 1,99999,1
543 I 543 1,99999,1
544 I 544 1,99999,1
545 I 545 1,99999,1
546 I 546 1,99999,1
547 I 547 1,99999,1
548 I 548 1,99999,1
549 I 549 1,99999,1
550 I 550 1,99999,1
551 I 551 1,99999,1
552 I 552 1,99999,1
553 I 553 1,99999,1
554 I 554 1,99999,1
555 I 555 1,99999,1
556 I 556 1,99999,1
557 I 557 1,99999,1
558 I 558 1,99999,1
559 I 559 1,99999,1
560 I 560 1,99999,1
561 I 561 1,99999,1
562 I 562 1,99999,1
563 I 563 1,99999,1
564 I 564 1,99999,1
565 I 565 1,99999,1
566 I 566 1,99999,1
567 I 567 1,99999,1
568 I 568 1,99999,1
569 I 569 1,99999,1
570 I 570 1,99999,1
571 I 571 1,99999,1
572 I 572 1,99999,1
573 I 573 1,99999,1
574 I 574 1,99999,1
575 I 575 1,99999,1
576 I 576 1,99999,1
577 I 577 1,99999,1
578 I 578 1,99999,1
579 I 579 1,99999,1
580 I 580 1,99999,1
581 I 581 1,99999,1
582 I 582 1,99999,1
583 I 583 1,99999,1
584 I 584 1,99999,1
585 I 585 1,99999,1
586 I 586 1,99999,1
587 I 587 1,99999,1
588 I 588 1,99999,1
589 I 589 1,99999,1
590 I 590 1,99999,1
591 I 591 1,99999,1
592 I 592 1,99999,1
593 I 593 1,99999,1
594 I 594 1,99999,1
595 I 595 1,99999,1
596 I 596 1,99999,1
597 I 597 1,99999,1
598 I 598 1,99999,1
599 I 599 1,99999,1
600 I 600 1,99999,1
601 I 601 1,99999,1
602 I 602 1,99999,1
603 I 603 1,99999,1
604 I 604 1,99999,1
605 I 605 1,99999,1
606 I 606 1,99999,1
607 I 607 1,99999,1
608 I 608 1,99999,1
609 I 609 1,99999,1
610 I 610 1,99999,1
611 I 611 1,99999,1
612 I 612 1,99999,1
613 I 613 1,99999,1
614 I 614 1,99999,1
615 I 615 1,99999,1
616 I 616 1,99999,1
617 I 617 1,99999,1
618 I 618 1,99999,1
619 I 619 1,99999,1
620 I 620 1,99999,1
621 I 621 1,99999,1
622 I 622 1,99999,1
623 I 623 1,99999,1
624 I 624 1,99999,1
625 I 625 1,99999,1
626 I 626 1,99999,1
627 I 627 1,99999,1
628 I 628 1,99999,1
629 I 629 1,99999,1
630 I 630 1,99999,1
631 I 631 1,99999,1
632 I 632 1,99999,1
633 I 633 1,99999,1
634 I 634 1,99999,1
635 I 635 1,99999,1
636 I 636 1,99999,1
637 I 637 1,99999,1
638 I 638 1,99999,1
639 I 639 1,99999,1
640 I 640 1,99999,1
641 I 641 1,99999,1
642 I 642 1,99999,1
643 I 643 1,99999,1
644 I 644 1,99999,1
645 I 645 1,99999,1
646 I 646 1,99999,1
647 I 647 1,99999,1
648 I 648 1,99999,1
649 I 649 1,99999,1
650 I 650 1,99999,1
651 I 651 1,99999,1
652 I 652 1,99999,1
653 I 653 1,99999,1
654 I 654 1,99999,1
655 I 655 1,99999,1
656 I 656 1,99999,1
657 I 657 1,99999,1
658 I 658 1,99999,1
659 I 659 1,99999,1
660 I 660 1,99999,1
661 I 661 1,99999,1
662 I 662 1,99999,1
663 I 663 1,99999,1
664 I 664 1,99999,1
665 I 665 1,99999,1
666 I 666 1,99999,1
667 I 667 1,99999,1
668 I 668 1,99999,1
669 I 669 1,99999,1
670 I 670 1,99999,1
671 I 671 1,99999,1
672 I 672 1,99999,1
673 I 673 1,99999,1
674 I 674 1,99999,1
675 I 675 1,99999,1
676 I 676 1,99999,1
677 I 677 1,99999,1
678 I 678 1,99999,1
679 I 679 1,99999,1
680 I 680 1,99999,1
681 I 681 1,99999,1
682 I 682 1,99999,1
683 I 683 1,99999,1
684 I 684 1,99999,1
685 I 685 1,99999,1
686 I 686 1,99999,1
687 I 687 1,99999,1
688 I 688 1,99999,1
689 I 689 1,99999,1
690 I 690 1,99999,1
691 I 691 1,99999,1
692 I 692 1,99999,1
693 I 693 1,99999,1
694 I 694 1,99999,1
695 I 695 1,99999,1
696 I 696 1,99999,1
697 I 697 1,99999,1
698 I 698 1,99999,1
699 I 699 1,99999,1
700 I 700 1,99999,1
701 I 701 1,99999,1
702 I 702 1,99999,1
703 I 703 1,99999,1
704 I 704 1,99999,1
705 I 705 1,99999,1
706 I 706 1,99999,1
707 I 707 1,99999,1
708 I 708 1,99999,1
709 I 709 1,99999,1
710 I 710 1,99999,1
711 I 711 1,99999,1
712 I 712 1,99999,1
713 I 713 1,99999,1
714 I 714 1,99999,1
715 I 715 1,99999,1
716 I 716 1,99999,1
717 I 717 1,99999,1
718 I 718 1,99999,1
719 I 719 1,99999,1
720 I 720 1,99999,1
721 I 721 1,99999,1
722 I 722 1,99999,1
723 I 723 1,99999,1
724 I 724 1,99999,1
725 I 725 1,99999,1
726 I 726 1,99999,1
727 I 727 1,99999,1
728 I 728 1,99999,1
729 I 729 1,99999,1
730 I 730 1,99999,1
731 I 731 1,99999,1
732 I 732 1,99999,1
733 I 733 1,99999,1
734 I 734 1,99999,1
735 I 735 1,99999,1
736 I 736 1,99999,1
737 I 737 1,99999,1
738 I 738 1,99999,1
739 I 739 1,99999,1
740 I 740 1,99999,1
741 I 741 1,99999,1
742 I 742 1,99999,1
743 I 743 1,99999,1
744 I 744 1,99999,1
745 I 745 1,99999,1
746 I 746 1,99999,1
747 I 747 1,99999,1
748 I 748 1,99999,1
749 I 749 1,99999,1
750 I 750 1,99999,1
751 I 751 1,99999,1
752 I 752 1,99999,1
753 I 753 1,99999,1
754 I 754 1,99999,1
755 I 755 1,99999,1
756 I 756 1,99999,1
757 I 757 1,99999,1
758 I 758 1,99999,1
759 I 759 1,99999,1
760 I 760 1,99999,1
761 I 761 1,99999,1
762 I 762 1,99999,1
763 I 763 1,99999,1
764 I 764 1,99999,1
765 I 765 1,99999,1
766 I 766 1,99999,1
767 I 767 1,99999,1
768 I 768 1,99999,1
769 I 769 1,99999,1
770 I 770 1,99999,1
771 I 771 1,99999,1
772 I 772 1,99999,1
773 I 773 1,99999,1
774 I 774 1,99999,1
775 I 775 1,99999,1
776 I 776 1,99999,1
777 I 777 1,99999,1
778 I 778 1,99999,1
779 I 779 1,99999,1
780 I 780 1,99999,1
781 I 781 1,99999,1
782 I 782 1,99999,1
783 I 783 1,99999,1
784 I 784 1,99999,1
785 I 785 1,99999,1
786 I 786 1,99999,1
787 I 787 1,99999,1
788 I 788 1,99999,1
789 I 789 1,99999,1
790 I 790 1,99999,1
791 I 791 1,99999,1
792 I 792 1,99999,1
793 I 793 1,99999,1
794 I 794 1,99999,1
795 I 795 1,99999,1
796 I 796 1,99999,1
797 I 797 1,99999,1
798 I 798 1,99999,1
799 I 799 1,99999,1
800 I 800 1,99999,1
801 I 801 1,99999,1
802 I 802 1,99999,1
803 I 803 1,99999,1
804 I 804 1,99999,1
805 I 805 1,99999,1
806 I 806 1,99999,1
807 I 807 1,99999,1
808 I 808 1,99999,1
809 I 809 1,99999,1
810 I 810 1,99999,1
811 I 811 1,99999,1
812 I 812 1,99999,1
813 I 813 1,99999,1
814 I 814 1,99999,1
815 I 815 1,99999,1
816 I 816 1,99999,1
817 I 817 1,99999,1
818 I 818 1,99999,1
819 I 819 1,99999,1
820 I 820 1,99999,1
821 I 821 1,99999,1
822 I 822 1,99999,1
823 I 823 1,99999,1
824 I 824 1,99999,1
825 I 825 1,99999,1
826 I 826 1,99999,1
827 I 827 1,99999,1
828 I 828 1,99999,1
829 I 829 1,99999,1
830 I 830 1,99999,1
831 I 831 1,99999,1
832 I 832 1,99999,1
833 I 833 1,99999,1
834 I 834 1,99999,1
835 I 835 1,99999,1
836 I 836 1,99999,1
837 I 837 1,99999,1
838 I 838 1,99999,1
839 I 839 1,99999,1
840 I 840 1,99999,1
841 I 841 1,99999,1
842 I 842 1,99999,1
843 I 843 1,99999,1
844 I 844 1,99999,1
845 I 845 1,99999,1
846 I 846 1,99999,1
847 I 847 1,99999,1
848 I 848 1,99999,1
849 I 849 1,99999,1
850 I 850 1,99999,1
851 I 851 1,99999,1
852 I 852 1,99999,1
853 I 853 1,99999,1
854 I 854 1,99999,1
855 I 855 1,99999,1
856 I 856 1,99999,1
857 I 857 1,99999,1
858 I 858 1,99999,1
859 I 859 1,99999,1
860 I 860 1,99999,1
861 I 861 1,99999,1
862 I 862 1,99999,1
863 I 863 1,99999,1
864 I 864 1,99999,1
865 I 865 1,99999,1
866 I 866 1,99999,1
867 I 867 1,99999,1
868 I 868 1,99999,1
869 I 869 1,99999,1
870 I 870 1,99999,1
871 I 871 1,99999,1
872 I 872 1,99999,1
873 I 873 1,99999,1
874 I 874 1,99999,1
875 I 875 1,99999,1
876 I 876 1,99999,1
877 I 877 1,99999,1
878 I 878 1,99999,1
879 I 879 1,99999,1
880 I 880 1,99999,1
881 I 881 1,99999,1
882 I 882 1,99999,1
883 I 883 1,99999,1
884 I 884 1,99999,1
885 I 885 1,99999,1
886 I 886 1,99999,1
887 I 887 1,99999,1
888 I 888 1,99999,1
889 I 889 1,99999,1
890 I 890 1,99999,1
891 I 891 1,99999,1
892 I 892 1,99999,1
893 I 893 1,99999,1
894 I 894 1,99999,1
895 I 895 1,99999,1
896 I 896 1,99999,1
897 I 897 1,99999,1
898 I 898 1,99999,1
899 I 899 1,99999,1
900 I 900 1,99999,1
901 I 901 1,99999,1
902 I 902 1,99999,1
903 I 903 1,99999,1
904 I 904 1,99999,1
905 I 905 1,99999,1
906 I 906 1,99999,1
907 I 907 1,99999,1
908 I 908 1,99999,1
909 I 909 1,99999,1
910 I 910 1,99999,1
911 I 911 1,99999,1
912 I 912 1,99999,1
913 I 913 1,99999,1
914 I 914 1,99999,1
915 I 915 1,99999,1
916 I 916 1,99999,1
917 I 917 1,99999,1
918 I 918 1,99999,1
919 I 919 1,99999,1
920 I 920 1,99999,1
921 I 921 1,99999,1
922 I 922 1,99999,1
923 I 923 1,99999,1
924 I 924 1,99999,1
925 I 925 1,99999,1
926 I 926 1,99999,1
927 I 927 1,99999,1
928 I 928 1,99999,1
929 I 929 1,99999,1
930 I 930 1,99999,1
931 I 931 1,99999,1
932 I 932 1,99999,1
933 I 933 1,99999,1
934 I 934 1,99999,1
935 I 935 1,99999,1
936 I 936 1,99999,1
937 I 937 1,99999,1
938 I 938 1,99999,1
939 I 939 1,99999,1
940 I 940 1,99999,1
941 I 941 1,99999,1
942 I 942 1,99999,1
943 I 943 1,99999,1
944 I 944 1,99999,1
945 I 945 1,99999,1
946 I 946 1,99999,1
947 I 947 1,99999,1
948 I 948 1,99999,1
949 I 949 1,99999,1
950 I 950 1,99999,1
951 I 951 1,99999,1
952 I 952 1,99999,1
953 I 953 1,99999,1
954 I 954 1,99999,1
955 I 955 1,99999,1
956 I 956 1,99999,1
957 I 957 1,99999,1
958 I 958 1,99999,1
959 I 959 1,99999,1
960 I 960 1,99999,1
961 I 961 1,99999,1
962 I 962 1,99999,1
963 I 963 1,99999,1
964 I 964 1,99999,1
965 I 965 1,99999,1
966 I 966 1,99999,1
967 I 967 1,99999,1
968 I 968 1,99999,1
969 I 969 1,99999,1
970 I 970 1,99999,1
971 I 971 1,99999,1
972 I 972 1,99999,1
973 I 973 1,99999,1
974 I 974 1,99999,1
975 I 975 1,99999,1
976 I 976 1,99999,1
977 I 977 1,99999,1
978 I 978 1,99999,1
979 I 979 1,99999,1
980 I 980 1,99999,1
981 I 981 1,99999,1
982 I 982 1,99999,1
983 I 983 1,99999,1
984 I 984 1,99999,1
985 I 985 1,99999,1
986 I 986 1,99999,1
987 I 987 1,99999,1
988 I 988 1,99999,1
989 I 989 1,99999,1
990 I 990 1,99999,1
991 I 991 1,99999,1
992 I 992 1,99999,1
993 I 993 1,99999,1
994 I 994 1,99999,1
995 I 995 1,99999,1
996 I 996 1,99999,1
997 I 997 1,99999,1
998 I 998 1,99999,1
999 I 999 1,99999,1
1000 I 1000 1,99999,1

# Query a GUID binding from the server. These serve as example of both
# successful and unsuccessful lookups.  A lookup failure can occur for many
# reasons, but the client should at least try to emulate those failures that
# it can (missing GUID, expired bindings, etc.)
#
# Format
# <Seq. No.> Q <GUID>
#
# * Seq. No. - Unique identifier for the message. Common to continue from
#              above (or at least not collide).
# * Q - Query message. Always "Q"
# * GUID - The GUID value to query

